  Character.cpp
E:\!!!University\Year 1\Game Programming\cmp105-coursework-VerbalFox\Coursework\CMP105App\Character.cpp(180,48): warning C4244: 'argument': conversion from 'double' to 'float', possible loss of data
E:\!!!University\Year 1\Game Programming\cmp105-coursework-VerbalFox\Coursework\CMP105App\Character.cpp(185,11): warning C4244: 'argument': conversion from 'const _Ty' to 'float', possible loss of data
          with
          [
              _Ty=double
          ]
E:\!!!University\Year 1\Game Programming\cmp105-coursework-VerbalFox\Coursework\CMP105App\Character.cpp(184,19): warning C4244: 'argument': conversion from 'double' to 'float', possible loss of data
  Controller.cpp
  Animation.cpp
  AudioManager.cpp
  Collision.cpp
  GameState.cpp
  Input.cpp
  MusicObject.cpp
  GameObject.cpp
  SoundObject.cpp
  TileMap.cpp
  Vector.cpp
  GameManager.cpp
E:\!!!University\Year 1\Game Programming\cmp105-coursework-VerbalFox\Coursework\CMP105App\GameManager.h(27,2): warning C4091: 'static ': ignored on left of 'GameManager' when no variable is declared
E:\!!!University\Year 1\Game Programming\cmp105-coursework-VerbalFox\Coursework\CMP105App\GameManager.cpp(24,18): warning C4244: 'initializing': conversion from 'double' to 'float', possible loss of data
  Level.cpp
E:\!!!University\Year 1\Game Programming\cmp105-coursework-VerbalFox\Coursework\CMP105App\GameManager.h(27,2): warning C4091: 'static ': ignored on left of 'GameManager' when no variable is declared
E:\!!!University\Year 1\Game Programming\cmp105-coursework-VerbalFox\Coursework\CMP105App\Level.cpp(10,46): warning C4305: 'argument': truncation from 'int' to 'float'
E:\!!!University\Year 1\Game Programming\cmp105-coursework-VerbalFox\Coursework\CMP105App\Level.cpp(12,45): warning C4305: 'argument': truncation from 'int' to 'T'
          with
          [
              T=float
          ]
E:\!!!University\Year 1\Game Programming\cmp105-coursework-VerbalFox\Coursework\CMP105App\Level.cpp(17,65): warning C4244: 'argument': conversion from 'T' to 'float', possible loss of data
          with
          [
              T=unsigned int
          ]
E:\!!!University\Year 1\Game Programming\cmp105-coursework-VerbalFox\Coursework\CMP105App\Level.cpp(17,44): warning C4244: 'argument': conversion from 'T' to 'float', possible loss of data
          with
          [
              T=unsigned int
          ]
  Main.cpp
E:\!!!University\Year 1\Game Programming\cmp105-coursework-VerbalFox\Coursework\CMP105App\GameManager.h(27,2): warning C4091: 'static ': ignored on left of 'GameManager' when no variable is declared
  Menu.cpp
  Move.cpp
  PlayerController.cpp
  TestChar.cpp
E:\!!!University\Year 1\Game Programming\cmp105-coursework-VerbalFox\Coursework\CMP105App\TestChar.cpp(12,53): warning C4244: 'argument': conversion from 'T' to 'T', possible loss of data
          with
          [
              T=int
          ]
          and
          [
              T=float
          ]
E:\!!!University\Year 1\Game Programming\cmp105-coursework-VerbalFox\Coursework\CMP105App\TestChar.cpp(12,36): warning C4244: 'argument': conversion from 'T' to 'T', possible loss of data
          with
          [
              T=int
          ]
          and
          [
              T=float
          ]
E:\!!!University\Year 1\Game Programming\cmp105-coursework-VerbalFox\Coursework\CMP105App\TestChar.cpp(13,54): warning C4244: 'argument': conversion from 'T' to 'float', possible loss of data
          with
          [
              T=int
          ]
E:\!!!University\Year 1\Game Programming\cmp105-coursework-VerbalFox\Coursework\CMP105App\TestChar.cpp(13,37): warning C4244: 'argument': conversion from 'T' to 'float', possible loss of data
          with
          [
              T=int
          ]
  UIButton.cpp
E:\!!!University\Year 1\Game Programming\cmp105-coursework-VerbalFox\Coursework\CMP105App\UIButton.cpp(20,79): warning C4244: 'argument': conversion from 'T' to 'T', possible loss of data
          with
          [
              T=unsigned int
          ]
          and
          [
              T=float
          ]
E:\!!!University\Year 1\Game Programming\cmp105-coursework-VerbalFox\Coursework\CMP105App\UIButton.cpp(20,58): warning C4244: 'argument': conversion from 'T' to 'T', possible loss of data
          with
          [
              T=unsigned int
          ]
          and
          [
              T=float
          ]
E:\!!!University\Year 1\Game Programming\cmp105-coursework-VerbalFox\Coursework\CMP105App\UIButton.cpp(34,4): error C3861: 'buttonFunction': identifier not found
  Generating Code...
  Compiling...
  UIComponent.cpp
  UIManager.cpp
  UISlider.cpp
E:\!!!University\Year 1\Game Programming\cmp105-coursework-VerbalFox\Coursework\CMP105App\UISlider.cpp(29,79): warning C4244: 'argument': conversion from 'T' to 'T', possible loss of data
          with
          [
              T=unsigned int
          ]
          and
          [
              T=float
          ]
E:\!!!University\Year 1\Game Programming\cmp105-coursework-VerbalFox\Coursework\CMP105App\UISlider.cpp(29,58): warning C4244: 'argument': conversion from 'T' to 'T', possible loss of data
          with
          [
              T=unsigned int
          ]
          and
          [
              T=float
          ]
  Generating Code...
