e:\!!!university\year 1\game programming\cmp105-coursework-verbalfox\coursework\cmp105app\x64\debug\vc142.pdb
e:\!!!university\year 1\game programming\cmp105-coursework-verbalfox\coursework\cmp105app\x64\debug\vc142.idb
e:\!!!university\year 1\game programming\cmp105-coursework-verbalfox\coursework\cmp105app\x64\debug\testchar.obj
e:\!!!university\year 1\game programming\cmp105-coursework-verbalfox\coursework\cmp105app\x64\debug\playercontroller.obj
e:\!!!university\year 1\game programming\cmp105-coursework-verbalfox\coursework\cmp105app\x64\debug\networkmanager.obj
e:\!!!university\year 1\game programming\cmp105-coursework-verbalfox\coursework\cmp105app\x64\debug\move.obj
e:\!!!university\year 1\game programming\cmp105-coursework-verbalfox\coursework\cmp105app\x64\debug\menu.obj
e:\!!!university\year 1\game programming\cmp105-coursework-verbalfox\coursework\cmp105app\x64\debug\main.obj
e:\!!!university\year 1\game programming\cmp105-coursework-verbalfox\coursework\cmp105app\x64\debug\level.obj
e:\!!!university\year 1\game programming\cmp105-coursework-verbalfox\coursework\cmp105app\x64\debug\gamemanager.obj
e:\!!!university\year 1\game programming\cmp105-coursework-verbalfox\coursework\cmp105app\x64\debug\vector.obj
e:\!!!university\year 1\game programming\cmp105-coursework-verbalfox\coursework\cmp105app\x64\debug\tilemap.obj
e:\!!!university\year 1\game programming\cmp105-coursework-verbalfox\coursework\cmp105app\x64\debug\soundobject.obj
e:\!!!university\year 1\game programming\cmp105-coursework-verbalfox\coursework\cmp105app\x64\debug\gameobject.obj
e:\!!!university\year 1\game programming\cmp105-coursework-verbalfox\coursework\cmp105app\x64\debug\musicobject.obj
e:\!!!university\year 1\game programming\cmp105-coursework-verbalfox\coursework\cmp105app\x64\debug\input.obj
e:\!!!university\year 1\game programming\cmp105-coursework-verbalfox\coursework\cmp105app\x64\debug\gamestate.obj
e:\!!!university\year 1\game programming\cmp105-coursework-verbalfox\coursework\cmp105app\x64\debug\collision.obj
e:\!!!university\year 1\game programming\cmp105-coursework-verbalfox\coursework\cmp105app\x64\debug\audiomanager.obj
e:\!!!university\year 1\game programming\cmp105-coursework-verbalfox\coursework\cmp105app\x64\debug\animation.obj
e:\!!!university\year 1\game programming\cmp105-coursework-verbalfox\coursework\cmp105app\x64\debug\controller.obj
e:\!!!university\year 1\game programming\cmp105-coursework-verbalfox\coursework\cmp105app\x64\debug\character.obj
e:\!!!university\year 1\game programming\cmp105-coursework-verbalfox\coursework\cmp105app\x64\debug\uislider.obj
e:\!!!university\year 1\game programming\cmp105-coursework-verbalfox\coursework\cmp105app\x64\debug\uimanager.obj
e:\!!!university\year 1\game programming\cmp105-coursework-verbalfox\coursework\cmp105app\x64\debug\uicomponent.obj
e:\!!!university\year 1\game programming\cmp105-coursework-verbalfox\coursework\cmp105app\x64\debug\uibutton.obj
e:\!!!university\year 1\game programming\cmp105-coursework-verbalfox\coursework\cmp105app\x64\debug\networkcontroller.obj
e:\!!!university\year 1\game programming\cmp105-coursework-verbalfox\coursework\cmp105app\x64\debug\gibberish.obj
e:\!!!university\year 1\game programming\cmp105-coursework-verbalfox\coursework\x64\debug\cmp105app.pdb
e:\!!!university\year 1\game programming\cmp105-coursework-verbalfox\coursework\cmp105app\x64\debug\cmp105app.tlog\cl.command.1.tlog
e:\!!!university\year 1\game programming\cmp105-coursework-verbalfox\coursework\cmp105app\x64\debug\cmp105app.tlog\cl.read.1.tlog
e:\!!!university\year 1\game programming\cmp105-coursework-verbalfox\coursework\cmp105app\x64\debug\cmp105app.tlog\cl.write.1.tlog
e:\!!!university\year 1\game programming\cmp105-coursework-verbalfox\coursework\cmp105app\x64\debug\cmp105app.tlog\link-cvtres.read.1.tlog
e:\!!!university\year 1\game programming\cmp105-coursework-verbalfox\coursework\cmp105app\x64\debug\cmp105app.tlog\link-cvtres.write.1.tlog
e:\!!!university\year 1\game programming\cmp105-coursework-verbalfox\coursework\cmp105app\x64\debug\cmp105app.tlog\link-rc.read.1.tlog
e:\!!!university\year 1\game programming\cmp105-coursework-verbalfox\coursework\cmp105app\x64\debug\cmp105app.tlog\link-rc.write.1.tlog
e:\!!!university\year 1\game programming\cmp105-coursework-verbalfox\coursework\cmp105app\x64\debug\cmp105app.tlog\link.31652-cvtres.read.1.tlog
e:\!!!university\year 1\game programming\cmp105-coursework-verbalfox\coursework\cmp105app\x64\debug\cmp105app.tlog\link.31652-cvtres.write.1.tlog
e:\!!!university\year 1\game programming\cmp105-coursework-verbalfox\coursework\cmp105app\x64\debug\cmp105app.tlog\link.31652-rc.read.1.tlog
e:\!!!university\year 1\game programming\cmp105-coursework-verbalfox\coursework\cmp105app\x64\debug\cmp105app.tlog\link.31652-rc.write.1.tlog
e:\!!!university\year 1\game programming\cmp105-coursework-verbalfox\coursework\cmp105app\x64\debug\cmp105app.tlog\link.31652.read.1.tlog
e:\!!!university\year 1\game programming\cmp105-coursework-verbalfox\coursework\cmp105app\x64\debug\cmp105app.tlog\link.31652.write.1.tlog
e:\!!!university\year 1\game programming\cmp105-coursework-verbalfox\coursework\cmp105app\x64\debug\cmp105app.tlog\link.command.1.tlog
e:\!!!university\year 1\game programming\cmp105-coursework-verbalfox\coursework\cmp105app\x64\debug\cmp105app.tlog\link.read.1.tlog
e:\!!!university\year 1\game programming\cmp105-coursework-verbalfox\coursework\cmp105app\x64\debug\cmp105app.tlog\link.write.1.tlog
