  Character.cpp
E:\!!!University\Year 1\Game Programming\cmp105-coursework-VerbalFox\Coursework\CMP105App\Character.cpp(195,28): warning C4244: '=': conversion from 'double' to 'T', possible loss of data
          with
          [
              T=float
          ]
E:\!!!University\Year 1\Game Programming\cmp105-coursework-VerbalFox\Coursework\CMP105App\Character.cpp(198,29): warning C4244: '=': conversion from 'double' to 'T', possible loss of data
          with
          [
              T=float
          ]
E:\!!!University\Year 1\Game Programming\cmp105-coursework-VerbalFox\Coursework\CMP105App\Character.cpp(259,9): warning C4553: '==': result of expression not used; did you intend '='?
E:\!!!University\Year 1\Game Programming\cmp105-coursework-VerbalFox\Coursework\CMP105App\Character.cpp(280,48): warning C4244: 'argument': conversion from 'double' to 'float', possible loss of data
E:\!!!University\Year 1\Game Programming\cmp105-coursework-VerbalFox\Coursework\CMP105App\Character.cpp(285,11): warning C4244: 'argument': conversion from 'const _Ty' to 'float', possible loss of data
          with
          [
              _Ty=double
          ]
E:\!!!University\Year 1\Game Programming\cmp105-coursework-VerbalFox\Coursework\CMP105App\Character.cpp(284,19): warning C4244: 'argument': conversion from 'double' to 'float', possible loss of data
E:\!!!University\Year 1\Game Programming\cmp105-coursework-VerbalFox\Coursework\CMP105App\Character.cpp(338,10): warning C4553: '==': result of expression not used; did you intend '='?
  Controller.cpp
  GameState.cpp
  GameManager.cpp
E:\!!!University\Year 1\Game Programming\cmp105-coursework-VerbalFox\Coursework\CMP105App\GameManager.cpp(24,18): warning C4244: 'initializing': conversion from 'double' to 'float', possible loss of data
E:\!!!University\Year 1\Game Programming\cmp105-coursework-VerbalFox\Coursework\CMP105App\GameManager.cpp(217,21): warning C4244: 'return': conversion from 'float' to 'int', possible loss of data
  Level.cpp
E:\!!!University\Year 1\Game Programming\cmp105-coursework-VerbalFox\Coursework\CMP105App\Level.cpp(13,46): warning C4305: 'argument': truncation from 'int' to 'float'
E:\!!!University\Year 1\Game Programming\cmp105-coursework-VerbalFox\Coursework\CMP105App\Level.cpp(15,45): warning C4305: 'argument': truncation from 'int' to 'T'
          with
          [
              T=float
          ]
E:\!!!University\Year 1\Game Programming\cmp105-coursework-VerbalFox\Coursework\CMP105App\Level.cpp(21,65): warning C4244: 'argument': conversion from 'T' to 'float', possible loss of data
          with
          [
              T=unsigned int
          ]
E:\!!!University\Year 1\Game Programming\cmp105-coursework-VerbalFox\Coursework\CMP105App\Level.cpp(21,44): warning C4244: 'argument': conversion from 'T' to 'float', possible loss of data
          with
          [
              T=unsigned int
          ]
  Main.cpp
  Menu.cpp
  Move.cpp
  NetworkController.cpp
  NetworkManager.cpp
E:\!!!University\Year 1\Game Programming\cmp105-coursework-VerbalFox\Coursework\CMP105App\NetworkManager.cpp(116,22): warning C4018: '<': signed/unsigned mismatch
  PlayerController.cpp
  TestChar.cpp
E:\!!!University\Year 1\Game Programming\cmp105-coursework-VerbalFox\Coursework\CMP105App\TestChar.cpp(13,53): warning C4244: 'argument': conversion from 'T' to 'T', possible loss of data
          with
          [
              T=int
          ]
          and
          [
              T=float
          ]
E:\!!!University\Year 1\Game Programming\cmp105-coursework-VerbalFox\Coursework\CMP105App\TestChar.cpp(13,36): warning C4244: 'argument': conversion from 'T' to 'T', possible loss of data
          with
          [
              T=int
          ]
          and
          [
              T=float
          ]
E:\!!!University\Year 1\Game Programming\cmp105-coursework-VerbalFox\Coursework\CMP105App\TestChar.cpp(14,54): warning C4244: 'argument': conversion from 'T' to 'float', possible loss of data
          with
          [
              T=int
          ]
E:\!!!University\Year 1\Game Programming\cmp105-coursework-VerbalFox\Coursework\CMP105App\TestChar.cpp(14,37): warning C4244: 'argument': conversion from 'T' to 'float', possible loss of data
          with
          [
              T=int
          ]
  UIButton.cpp
E:\!!!University\Year 1\Game Programming\cmp105-coursework-VerbalFox\Coursework\CMP105App\UIButton.cpp(20,79): warning C4244: 'argument': conversion from 'T' to 'T', possible loss of data
          with
          [
              T=unsigned int
          ]
          and
          [
              T=float
          ]
E:\!!!University\Year 1\Game Programming\cmp105-coursework-VerbalFox\Coursework\CMP105App\UIButton.cpp(20,58): warning C4244: 'argument': conversion from 'T' to 'T', possible loss of data
          with
          [
              T=unsigned int
          ]
          and
          [
              T=float
          ]
  UIComponent.cpp
  UIManager.cpp
  UISlider.cpp
E:\!!!University\Year 1\Game Programming\cmp105-coursework-VerbalFox\Coursework\CMP105App\UISlider.cpp(31,79): warning C4244: 'argument': conversion from 'T' to 'T', possible loss of data
          with
          [
              T=unsigned int
          ]
          and
          [
              T=float
          ]
E:\!!!University\Year 1\Game Programming\cmp105-coursework-VerbalFox\Coursework\CMP105App\UISlider.cpp(31,58): warning C4244: 'argument': conversion from 'T' to 'T', possible loss of data
          with
          [
              T=unsigned int
          ]
          and
          [
              T=float
          ]
  UIText.cpp
  Generating code
  308 of 1078 functions (28.6%) were compiled, the rest were copied from previous compilation.
    40 functions were new in current compilation
    124 functions had inline decision re-evaluated but remain unchanged
  Finished generating code
  CMP105App.vcxproj -> E:\!!!University\Year 1\Game Programming\cmp105-coursework-VerbalFox\Coursework\x64\Release\CMP105App.exe
